[
2to3
2to3-3.12
7z
7za
7zr
a52dec
aafire
aainfo
aalib-config
aasavefont
aatest
abw2html
abw2raw
abw2text
acceleration_speed
accessdb
aclocal
aclocal-1.16
adb
addftinfo
addgnupghome
addpart
addr2line
adig
advtest
aecat
aemakeflic
aewan
affixcompress
afmtodit
agetty
ahost
airbase-ng
aircrack-ng
airdecap-ng
airdecloak-ng
airdrop-ng
aireplay-ng
airgraph-ng
airmon-ng
airodump-join
airodump-ng
airodump-ng-oui-update
airolib-ng
airserv-ng
airtun-ng
airventriloquist-ng
alsoft-config
amberol
amdgpu-arch
amdgpu_stress
amptest
amrnb-dec
amrnb-enc
amrwb-dec
analyseplugin
analyze
analyze-build
androiddeployqt6
animate
annotate
any2djvu
anytovcd.sh
aomdec
aomenc
append2simg
applygnupgdefaults
applyplugin
appstreamcli
apropos
ar
archlinux-java
archlinux-keyring-wkd-sync
argon2
arp
arpd
arp-fingerprint
arping
arp-scan
arptables-nft
arptables-nft-restore
arptables-nft-save
as
ascii
aserver
asn1Coding
asn1Decoding
asn1Parser
assimp
assistant
assistant6
assistant-qt5
attr
aubiomfcc
aubionotes
aubioonset
aubiopitch
aubioquiet
aubiotrack
aucat
audisp-af_unix
audispd-zos-remote
audisp-filter
audisp-remote
audisp-syslog
auditctl
auditd
augenrules
aulast
aulastlog
aureport
ausearch
ausyscall
autoconf
autoheader
autom4te
automake
automake-1.16
autopoint
autorandr
autoreconf
autoscan
autoupdate
avahi-autoipd
avahi-bookmarks
avahi-browse
avahi-browse-domains
avahi-daemon
avahi-discover
avahi-discover-standalone
avahi-dnsconfd
avahi-publish
avahi-publish-address
avahi-publish-service
avahi-resolve
avahi-resolve-address
avahi-resolve-host-name
avahi-set-host-name
avbtool
avifdec
avifenc
avinfo
avtest
awk
b2sum
backup
badblocks
balsam
base32
base64
basename
basenc
bash
bashbug
batsignal
bcmfw
bdaddr
bdftogd
bdftopcf
bdftruncate
bd_info
bd_list_titles
bd_splice
besside-ng
besside-ng-crawler
bison
bjoentegaard
blkdeactivate
blkdiscard
blkid
blkpr
blkzone
blockdev
block-rate-estim
blueman-adapters
blueman-applet
blueman-manager
blueman-sendto
blueman-services
blueman-tray
bluemoon
bluetooth
bluetoothctl
bluetooth-player
bneptest
bond2team
bootctl
boxdumper
brave
bridge
brightnessctl
broadwayd
brotli
bs2bconvert
bs2bstream
bscalc
bsdcat
bsdcpio
bsdtar
bsdunzip
bshell
bssh
btattach
btconfig
btfdiff
btgatt-client
btgatt-server
btinfo
btiotest
btmgmt
btmon
btop
btpclient
btpclientctl
btproxy
btrfs
btrfsck
btrfs-convert
btrfs-find-root
btrfs-image
btrfs-map-logical
btrfs-select-super
btrfstune
btsnoop
buddy-ng
bundle
bundler
bunzip2
busctl
bvnc
bwrap
bzcat
bzdiff
bzgrep
bzip2
bzip2recover
bzmore
bzz
c++
c44
c89
c99
cacaclock
caca-config
cacademo
cacafire
cacaplay
cacaserver
cacaview
cache_check
cache_dump
cache_metadata_size
cache_repair
cache_restore
cache_writeback
cairo-trace
cal
calfjackhost
callgrind_annotate
callgrind_control
canberra-boot
canberra-gtk-play
canbusutil
capinfos
capsh
captest
captoinfo
captree
captype
cargo
cargo-clippy
cargo-fmt
cargo-miri
cat
catman
cava
cc
ccmake
cdda-player
cd-drive
cd-info
cd-paranoia
cdparanoia
cdr2raw
cdr2text
cdr2xhtml
cd-read
cec-compliance
cec-ctl
cec-follower
certtool
certutil
cfdisk
c++filt
cg_annotate
cgc
cg_diff
cgdisk
cg_merge
chacl
chage
chattr
chcon
chcpu
check-regexp
check-selftest
chem
chfn
chgpasswd
chgrp
chmem
chmod
chmorph
choom
chown
chpasswd
chromedriver
chromium
chroot
chrt
chsh
chvt
cifscreds
cifs.idmap
cifs.upcall
c-index-test
cjb2
cjpeg
cjpegli
cjxl
cksum
clang
clang++
clang-18
clang-apply-replacements
clang-change-namespace
clang-check
clang-cl
clang-cpp
clangd
clang-doc
clang-extdef-mapping
clang-format
clang-include-cleaner
clang-include-fixer
clang-linker-wrapper
clang-move
clang-offload-bundler
clang-offload-packager
clang-pseudo
clang-query
clang-refactor
clang-rename
clang-reorder-fields
clang-repl
clang-scan-deps
clang-tidy
clear
clion
clippy-driver
cllayerinfo
clockdiff
clrunimap
cltest
cmake
cmake-gui
cmatrix
cmis-client
cmp
cmsutil
cmx2raw
cmx2text
cmx2xhtml
code
codiff
col
colcrt
colrm
column
comm
compare
compile_et
composite
compton
compton-trans
com.vixalien.sticky
conjure
conplay
convert
coredumpctl
corepack
core_perl
corrupt_mpeg2
cp
cpack
cpaldjvu
cpp
cpp2html
createfp
create-image
c_rehash
crlutil
cryptsetup
csepdjvu
csplit
cstool
ctags
ctags.emacs
ctest
ctracer
ctrlaltdel
ctstat
cups-config
curl
curl-config
cut
cvlc
cvt
cvtsudoers
cwebp
cx18-ctl
cxpm
date
dav1d
db5.3
dbus-binding-tool
dbus-broker
dbus-broker-launch
dbus-cleanup-sockets
dbus-daemon
dbus-launch
dbus-monitor
dbus-run-session
dbus-send
dbus-test-tool
dbus-update-activation-environment
dbus-uuidgen
dc1394_reset_bus
dcadec
dcb
dconf
dd
ddjvu
deallocvt
debugedit
debugfs
debuginfod
debuginfod-find
dec265
decode_tm6000
delpart
depmod
derb
designer
designer6
designer-qt5
desktop-file-edit
desktop-file-install
desktop-file-validate
devlink
df
diagtool
diff
diff3
dir
dircolors
dirmngr
dirmngr-client
dirname
disable-paste
discord
display
display-buttons
display-coords
distro
djpeg
djpegli
djvm
djvmcvt
djvudigital
djvudump
djvuextract
djvumake
djvups
djvused
djvuserve
djvutoxml
djvutxt
djvuxmlparser
djxl
dkms
dlc3
dmenu
dmenu_path
dmenu_run
dmesg
dmeventd
dmsetup
dmstats
drmdevice
dtagnames
dtsdec
du
dubdv
dumpcap
dumpe2fs
dumpiso
dumpkeys
dumpsexp
dunst
dunstctl
dunstify
dvb-fe-tool
dvb-format-convert
dvbv5-daemon
dvbv5-scan
dvbv5-zap
dvconnect
dvcont
dvipdf
dwebp
dwp
e2freefrag
e2fsck
e2fsdroid
e2image
e2label
e2mmpstatus
e2scrub
e2scrub_all
e2undo
e4crypt
e4defrag
eapol_test
easside-ng
easyeffects
ebook2html
ebook2raw
ebook2text
ebrowse
ebtables-nft
ebtables-nft-restore
ebtables-nft-save
ebtables-translate
echo
ed2k-link
eddystone
editcap
edonr256-hash
edonr512-hash
efibootdump
efibootmgr
efisecdb
efivar
eglewinfo
eglgears_wayland
eglgears_x11
eglinfo
eglkms
egltri_wayland
egltri_x11
egrep
ei-debug-events
eject
elc3
electron30
elfedit
emacs
emacs-29.4
emacsclient
enchant-2
enchant-lsmod-2
encodedv
enosys
env
envsubst
eps2eps
eqn
eqn2graph
era_check
era_dump
era_invalidate
era_restore
erb
es2gears_wayland
es2gears_x11
es2_info
es2tri
escapesrc
etags
ethtool
eu-addr2line
eu-ar
eu-elfclassify
eu-elfcmp
eu-elfcompress
eu-elflint
eu-findtextrel
eu-make-debug-archive
eu-nm
eu-objdump
eu-ranlib
eu-readelf
eu-size
eu-srcfiles
eu-stack
eu-strings
eu-strip
eu-unstrip
event_rpcgen.py
evince
evince-previewer
evince-thumbnailer
exch
exiv2
exo-desktop-item-edit
exo-open
expand
expiry
expr
exr2aces
exrenvmap
exrheader
exrinfo
exrmakepreview
exrmaketiled
exrmanifest
exrmultipart
exrmultiview
exrstdattr
ext2simg
extract_a52
extract_dca
extract_dts
extract_mpeg2
faac
faad
factor
fadvise
faillock
faillog
faked
fakeroot
fallocate
false
fancontrol
fastboot
fc-cache
fc-cache-32
fc-cat
fc-conflist
fc-list
fc-match
fc-pattern
fc-query
fc-scan
fc-validate
fdisk
feh
ffmpeg
ffmpegthumbnailer
ffplay
ffprobe
fftwf-wisdom
fftwl-wisdom
fftwq-wisdom
fftw-wisdom
fftw-wisdom-to-conf
fgconsole
fgrep
fh2raw
fh2svg
fh2text
fidentify
fi_info
file
filecap
filefrag
fincore
find
find-all-symbols
find-debuginfo
findfs
findmnt
findssl.sh
fi_pingpong
firefox
fi_strerror
fixparts
fixqt4headers.pl
fixqt4headers.pl-qt5
flac
flameshot
flawfinder
flex
flex++
flock
fluidsynth
fmt
fold
fpcalc
free
freeaptxdec
freeaptxenc
fribidi
fsadm
fsck
fsck.btrfs
fsck.cramfs
fsck.ext2
fsck.ext3
fsck.ext4
fsck.minix
fsfreeze
fstrim
fullcircle
function_grep.pl
funzip
fuser
fusermount
fusermount3
g++
galculator
gapplication
gatt-service
gawk
gawk-5.3.0
gawkbug
gcc
gcc-ar
gcc-nm
gcc-ranlib
gcore
gcov
gcov-tool
gcr-viewer
gcr-viewer-gtk4
gd2copypal
gd2togif
gd2topng
gdb
gdb-add-index
gdbm_dump
gdbm_load
gdbmtool
gdb.py
gdbserver
gdbus
gdcmpgif
gdiffmk
gdisk
gdk-pixbuf-csource
gdk-pixbuf-pixdata
gdk-pixbuf-query-loaders
gdk-pixbuf-thumbnailer
gdparttopng
gdtopng
gem
genbrk
gencat
genccode
gencfu
gencmn
gencnval
gendict
gen-enc-table
genl
genl-ctrl-list
gennorm2
genrb
gensprep
geqn
getcap
getcifsacl
getconf
getent
getfacl
getfattr
getkeycodes
getopt
get-oui
getpcaps
getsubids
gettext
gettextize
gettext.sh
getunimap
get-versions
ghostscript
gi-compile-repository
gi-decompile-typelib
gif2rgb
gif2webp
gifbuild
gifclrmp
giffix
giftext
giftogd2
giftool
gi-inspect-typelib
gio
gio-querymodules
gio-querymodules-32
git
git-clang-format
git-cvsserver
gitk
git-receive-pack
git-shell
git-upload-archive
git-upload-pack
gjs
gjs-console
glewinfo
glib-compile-resources
glib-compile-schemas
glib-gettextize
glilypond
glslang
glslangValidator
glslc
glxewinfo
glxgears
glxinfo
gnome-clocks
gnome-keyring
gnome-keyring-3
gnome-keyring-daemon
gnome-system-monitor
gnutls-cli
gnutls-cli-debug
gnutls-serv
gobject-query
gost12-256-hash
gost12-512-hash
gp-archive
gpart
gpasswd
gp-collect-app
gp-display-html
gp-display-src
gp-display-text
gperl
gpg
gpg2
gpg-agent
gpg-card
gpgconf
gpg-connect-agent
gpg-error
gpgme-json
gpgme-tool
gpgparsemail
gpgrt-config
gpgscm
gpgsm
gpgsplit
gpgtar
gpgv
gpgv2
gpg-wks-client
gpg-wks-server
gpinyin
gpm
gpm-root
gprof
gprofng
gr2fonttest
grap2graph
greenclip
grep
grilo-test-ui-0.3
grim
grl-inspect-0.3
grl-launch-0.3
grn
grodvi
groff
grog
grolbp
grolj4
gropdf
grops
grotty
groupadd
groupdel
groupmems
groupmod
groups
grpck
grpconv
grpunconv
grub-bios-setup
grub-editenv
grub-file
grub-fstest
grub-glue-efi
grub-install
grub-kbdcomp
grub-macbless
grub-menulst2cfg
grub-mkconfig
grub-mkfont
grub-mkimage
grub-mklayout
grub-mknetdir
grub-mkpasswd-pbkdf2
grub-mkrelpath
grub-mkrescue
grub-mkstandalone
grub-mount
grub-ofpathname
grub-probe
grub-reboot
grub-render-label
grub-script-check
grub-set-default
grub-sparc64-setup
grub-syslinux2cfg
gs
gsbj
gsdj
gsdj500
gsettings
gsl-config
gsl-histogram
gslj
gslp
gsl-randist
gsnd
gspell-app1
gss-client
gssdp-device-sniffer
gss-server
gst-device-monitor-1.0
gst-discoverer-1.0
gst-inspect-1.0
gst-launch-1.0
gst-play-1.0
gstplayer
gst-stats-1.0
gst-tester-1.0
gst-transcoder-1.0
gst-typefind-1.0
gsx
gtbl
gtf
gtk4-broadwayd
gtk4-builder-tool
gtk4-encode-symbolic-svg
gtk4-launch
gtk4-path-tool
gtk4-query-settings
gtk4-rendernode-tool
gtk4-update-icon-cache
gtk-builder-convert
gtk-builder-tool
gtk-demo
gtk-encode-symbolic-svg
gtk-launch
gtk-lshw
gtk-query-immodules-2.0
gtk-query-immodules-3.0
gtk-query-settings
gtk-update-icon-cache
guild
guile
guile-config
guile-snarf
guile-tools
gunzip
gupnp-binding-tool-1.6
gxditview
gzexe
gzip
halt
handy-1-demo
hardlink
has160-hash
hcieventmask
hcisecfilter
hdparm
head
healthd
heif-dec
heif-enc
heif-info
heif-thumbnailer
hex2hcd
hexdump
hid2hci
hltest
hmac256
hmaptool
homectl
hostid
hostnamectl
hpftodit
hunspell
hunzip
hwclock
hwdb
hwloc-annotate
hwloc-bind
hwloc-calc
hwloc-compress-dir
hwloc-diff
hwloc-distrib
hwloc-dump-hwdata
hwloc-gather-cpuid
hwloc-gather-topology
hwloc-info
hwloc-ls
hwloc-patch
hwloc-ps
hzip
i3
i386
i3bar
i3-config-wizard
i3-dmenu-desktop
i3-dump-log
i3-input
i3lock
i3-migrate-config-to-v4
i3-msg
i3-nagbar
i3-save-tree
i3-sensible-editor
i3-sensible-pager
i3-sensible-terminal
i3status
i3-with-shmlog
i686-pc-linux-gnu-pkg-config
ibeacon
iceauth
iconv
iconvconfig
icu-config
icu-config-32
icuexportdata
icuinfo
icupkg
id
idea
idectl
identify
idiag-socket-details
idl2wrs
idle
idle3
idle3.12
idn
idn2
ifconfig
ifnames
ifrename
ifstat
ijs_client_example
ijs-config
ijs_server_example
img2simg
img2sixel
img2txt
img2webp
imgcmp
imginfo
imlib2_bumpmap
imlib2_colorspace
imlib2_conv
imlib2_grab
imlib2_load
imlib2_poly
imlib2_show
imlib2_test
imlib2_view
import
importctl
indxbib
info
infocmp
infotocap
init
inproc_lat
inproc_thr
insmod
install
install-info
integritysetup
intel-virtual-output
intercept-build
io_demo
ionice
ip
ip6tables
ip6tables-apply
ip6tables-legacy
ip6tables-legacy-restore
ip6tables-legacy-save
ip6tables-nft
ip6tables-nft-restore
ip6tables-nft-save
ip6tables-restore
ip6tables-restore-translate
ip6tables-save
ip6tables-translate
ipcmk
ipcrm
ipcs
ipmaddr
iptables
iptables-apply
iptables-legacy
iptables-legacy-restore
iptables-legacy-save
iptables-nft
iptables-nft-restore
iptables-nft-save
iptables-restore
iptables-restore-translate
iptables-save
iptables-translate
iptables-xml
iptunnel
irb
ir-ctl
ir-keytable
irqtop
isadump
isaset
iso-info
iso-read
isosize
isotest
ispellaff2myspell
ivstools
ivtv-ctl
iw
iwconfig
iwevent
iwgetid
iwlist
iwpriv
iwspy
ixion-formula-tokenizer
ixion-parser
ixion-sorter
jar
jarsigner
jasper
java
java2html
javac
javadoc
javah
javap
jbgtopbm
jbgtopbm85
jbig2dec
jcmd
jconsole
jdb
jinfo
jiv
jmap
join
journalctl
jpeg2yuv
jpegtran
jpgicc
jps
jq
js115
js115-config
json-glib-format
json-glib-validate
json_reformat
json_verify
jstack
jstat
jstatd
jxlinfo
k5srvutil
kadmin
kadmind
kadmin.local
katalyzer
katedec
KateDJ
kateenc
kbdinfo
kbd_mode
kbdrate
kbxutil
kdb5_ldap_util
kdb5_util
kdestroy
kernel-install
key2raw
key2text
key2xhtml
keyctl
key.dns_resolver
keyring
keytool
kill
killall
kinit
kitten
kitty
klist
kmod
koi8rxterm
kpasswd
kprop
kpropd
kproplog
kquitapp6
krb5-config
krb5kdc
krb5-send-pr
kstats
ksu
kswitch
ktutil
kvno
l2ping
l2test
lame
last
lastb
lastlog
lastlog2
lav2avi.sh
lav2mpeg
lav2wav
lav2yuv
lavaddwav
lavinfo
lavpipe
lavtc.sh
lavtrans
lconvert
lconvert-qt5
ld
ldattach
ldbadd
ldbdel
ldbedit
ld.bfd
ldbmodify
ldbrename
ldbsearch
ldconfig
ldd
ld.gold
ld.so
less
lessecho
lesskey
lex
lexgrog
lf
libassuan-config
libcamerify
libdeflate-gunzip
libdeflate-gzip
libevdev-tweak-device
libinput
libnet-config
libotf-config
libpng16-config
libpng16-config-32
libpng-config
libpng-config-32
libreoffice
libsixel-config
libtar
libtool
libtoolize
libwacom-list-devices
libwacom-list-local-devices
libwacom-show-stylus
libwacom-update-db
light
lightworks
linguist
linguist6
linguist-qt5
link
linkicc
linux32
linux64
listplugins
live-server
lkbib
ln
lnstat
loadkeys
loadunimap
lobase
localc
locale
localectl
localedef
locale-gen
local_lat
local_thr
locate
lodraw
loffice
lofromtemplate
logger
login
loginctl
logisim
logname
logsave
loimpress
lolcat
lomath
look
lookbib
losetup
loweb
lowntfs-3g
lowriter
lpadd
lpdump
lpflash
lpmake
lprodump
lprodump-qt5
lp_solve
lpunpack
lrelease
lrelease-pro
lrelease-pro-qt5
lrelease-qt5
ls
lsattr
lsblk
lsclocks
lscpu
lsfd
lshw
lsinitcpio
lsipc
lsirq
lslocks
lslogins
lsmem
lsmod
lsns
lsof
lspci
lsp-plugins-ab-tester-x2-mono
lsp-plugins-ab-tester-x2-stereo
lsp-plugins-ab-tester-x4-mono
lsp-plugins-ab-tester-x4-stereo
lsp-plugins-ab-tester-x8-mono
lsp-plugins-ab-tester-x8-stereo
lsp-plugins-art-delay-mono
lsp-plugins-art-delay-stereo
lsp-plugins-autogain-mono
lsp-plugins-autogain-stereo
lsp-plugins-beat-breather-mono
lsp-plugins-beat-breather-stereo
lsp-plugins-chorus-mono
lsp-plugins-chorus-stereo
lsp-plugins-clipper-mono
lsp-plugins-clipper-stereo
lsp-plugins-comp-delay-mono
lsp-plugins-comp-delay-stereo
lsp-plugins-comp-delay-x2-stereo
lsp-plugins-compressor-lr
lsp-plugins-compressor-mono
lsp-plugins-compressor-ms
lsp-plugins-compressor-stereo
lsp-plugins-crossover-lr
lsp-plugins-crossover-mono
lsp-plugins-crossover-ms
lsp-plugins-crossover-stereo
lsp-plugins-dyna-processor-lr
lsp-plugins-dyna-processor-mono
lsp-plugins-dyna-processor-ms
lsp-plugins-dyna-processor-stereo
lsp-plugins-expander-lr
lsp-plugins-expander-mono
lsp-plugins-expander-ms
lsp-plugins-expander-stereo
lsp-plugins-filter-mono
lsp-plugins-filter-stereo
lsp-plugins-flanger-mono
lsp-plugins-flanger-stereo
lsp-plugins-gate-lr
lsp-plugins-gate-mono
lsp-plugins-gate-ms
lsp-plugins-gate-stereo
lsp-plugins-gott-compressor-lr
lsp-plugins-gott-compressor-mono
lsp-plugins-gott-compressor-ms
lsp-plugins-gott-compressor-stereo
lsp-plugins-graph-equalizer-x16-lr
lsp-plugins-graph-equalizer-x16-mono
lsp-plugins-graph-equalizer-x16-ms
lsp-plugins-graph-equalizer-x16-stereo
lsp-plugins-graph-equalizer-x32-lr
lsp-plugins-graph-equalizer-x32-mono
lsp-plugins-graph-equalizer-x32-ms
lsp-plugins-graph-equalizer-x32-stereo
lsp-plugins-impulse-responses-mono
lsp-plugins-impulse-responses-stereo
lsp-plugins-impulse-reverb-mono
lsp-plugins-impulse-reverb-stereo
lsp-plugins-latency-meter
lsp-plugins-limiter-mono
lsp-plugins-limiter-stereo
lsp-plugins-loud-comp-mono
lsp-plugins-loud-comp-stereo
lsp-plugins-mb-clipper-mono
lsp-plugins-mb-clipper-stereo
lsp-plugins-mb-compressor-lr
lsp-plugins-mb-compressor-mono
lsp-plugins-mb-compressor-ms
lsp-plugins-mb-compressor-stereo
lsp-plugins-mb-dyna-processor-lr
lsp-plugins-mb-dyna-processor-mono
lsp-plugins-mb-dyna-processor-ms
lsp-plugins-mb-dyna-processor-stereo
lsp-plugins-mb-expander-lr
lsp-plugins-mb-expander-mono
lsp-plugins-mb-expander-ms
lsp-plugins-mb-expander-stereo
lsp-plugins-mb-gate-lr
lsp-plugins-mb-gate-mono
lsp-plugins-mb-gate-ms
lsp-plugins-mb-gate-stereo
lsp-plugins-mb-limiter-mono
lsp-plugins-mb-limiter-stereo
lsp-plugins-mixer-x16-mono
lsp-plugins-mixer-x16-stereo
lsp-plugins-mixer-x4-mono
lsp-plugins-mixer-x4-stereo
lsp-plugins-mixer-x8-mono
lsp-plugins-mixer-x8-stereo
lsp-plugins-multisampler-x12
lsp-plugins-multisampler-x12-do
lsp-plugins-multisampler-x24
lsp-plugins-multisampler-x24-do
lsp-plugins-multisampler-x48
lsp-plugins-multisampler-x48-do
lsp-plugins-noise-generator-x1
lsp-plugins-noise-generator-x2
lsp-plugins-noise-generator-x4
lsp-plugins-oscillator-mono
lsp-plugins-oscilloscope-x1
lsp-plugins-oscilloscope-x2
lsp-plugins-oscilloscope-x4
lsp-plugins-para-equalizer-x16-lr
lsp-plugins-para-equalizer-x16-mono
lsp-plugins-para-equalizer-x16-ms
lsp-plugins-para-equalizer-x16-stereo
lsp-plugins-para-equalizer-x32-lr
lsp-plugins-para-equalizer-x32-mono
lsp-plugins-para-equalizer-x32-ms
lsp-plugins-para-equalizer-x32-stereo
lsp-plugins-para-equalizer-x8-lr
lsp-plugins-para-equalizer-x8-mono
lsp-plugins-para-equalizer-x8-ms
lsp-plugins-para-equalizer-x8-stereo
lsp-plugins-phase-detector
lsp-plugins-profiler-mono
lsp-plugins-profiler-stereo
lsp-plugins-room-builder-mono
lsp-plugins-room-builder-stereo
lsp-plugins-sampler-mono
lsp-plugins-sampler-stereo
lsp-plugins-sc-autogain-mono
lsp-plugins-sc-autogain-stereo
lsp-plugins-sc-compressor-lr
lsp-plugins-sc-compressor-mono
lsp-plugins-sc-compressor-ms
lsp-plugins-sc-compressor-stereo
lsp-plugins-sc-dyna-processor-lr
lsp-plugins-sc-dyna-processor-mono
lsp-plugins-sc-dyna-processor-ms
lsp-plugins-sc-dyna-processor-stereo
lsp-plugins-sc-expander-lr
lsp-plugins-sc-expander-mono
lsp-plugins-sc-expander-ms
lsp-plugins-sc-expander-stereo
lsp-plugins-sc-gate-lr
lsp-plugins-sc-gate-mono
lsp-plugins-sc-gate-ms
lsp-plugins-sc-gate-stereo
lsp-plugins-sc-gott-compressor-lr
lsp-plugins-sc-gott-compressor-mono
lsp-plugins-sc-gott-compressor-ms
lsp-plugins-sc-gott-compressor-stereo
lsp-plugins-sc-limiter-mono
lsp-plugins-sc-limiter-stereo
lsp-plugins-sc-mb-compressor-lr
lsp-plugins-sc-mb-compressor-mono
lsp-plugins-sc-mb-compressor-ms
lsp-plugins-sc-mb-compressor-stereo
lsp-plugins-sc-mb-dyna-processor-lr
lsp-plugins-sc-mb-dyna-processor-mono
lsp-plugins-sc-mb-dyna-processor-ms
lsp-plugins-sc-mb-dyna-processor-stereo
lsp-plugins-sc-mb-expander-lr
lsp-plugins-sc-mb-expander-mono
lsp-plugins-sc-mb-expander-ms
lsp-plugins-sc-mb-expander-stereo
lsp-plugins-sc-mb-gate-lr
lsp-plugins-sc-mb-gate-mono
lsp-plugins-sc-mb-gate-ms
lsp-plugins-sc-mb-gate-stereo
lsp-plugins-sc-mb-limiter-mono
lsp-plugins-sc-mb-limiter-stereo
lsp-plugins-slap-delay-mono
lsp-plugins-slap-delay-stereo
lsp-plugins-spectrum-analyzer-x1
lsp-plugins-spectrum-analyzer-x12
lsp-plugins-spectrum-analyzer-x16
lsp-plugins-spectrum-analyzer-x2
lsp-plugins-spectrum-analyzer-x4
lsp-plugins-spectrum-analyzer-x8
lsp-plugins-surge-filter-mono
lsp-plugins-surge-filter-stereo
lsp-plugins-trigger-midi-mono
lsp-plugins-trigger-midi-stereo
lsp-plugins-trigger-mono
lsp-plugins-trigger-stereo
lstopo
lstopo-no-graphics
lsusb
lsusb.py
ltrace
lua
lua5.2
lua5.4
luac
luac5.2
luac5.4
luajit
luajit-2.1.1720049189
lucid
luit
lupdate
lupdate-pro
lupdate-pro-qt5
lupdate-qt5
lv2apply
lv2bench
lv2info
lv2ls
lv2specgen.py
lv2_validate
lvchange
lvconvert
lvcreate
lvdisplay
lvextend
lvm
lvmconfig
lvmdevices
lvmdiskscan
lvmdump
lvm_import_vdo
lvmpolld
lvmsadc
lvmsar
lvreduce
lvremove
lvrename
lvresize
lvs
lvscan
lz4
lz4c
lz4cat
lzcat
lzcmp
lzdiff
lzegrep
lzf
lzfgrep
lzgrep
lzless
lzma
lzmadec
lzmainfo
lzmore
m17n-conv
m17n-date
m17n-db
m17n-dump
m17n-edit
m17n-view
m4
machinectl
magick
Magick++-config
MagickCore-config
magick-script
MagickWand-config
magnet-link
maim
make
makealias
makeconv
makedb
make_f2fs
makeinfo
makeivs-ng
makemhr
makepkg
makepkg-template
man
mandb
manette-test
manpath
man-recode
mapscrn
matteblend.flt
mbedtls_aead_demo
mbedtls_benchmark
mbedtls_cert_app
mbedtls_cert_req
mbedtls_cert_write
mbedtls_cipher_aead_demo
mbedtls_crl_app
mbedtls_crypt_and_hash
mbedtls_crypto_examples
mbedtls_dh_client
mbedtls_dh_genprime
mbedtls_dh_server
mbedtls_dtls_client
mbedtls_dtls_server
mbedtls_ecdh_curve25519
mbedtls_ecdsa
mbedtls_gen_entropy
mbedtls_generic_sum
mbedtls_gen_key
mbedtls_gen_random_ctr_drbg
mbedtls_hello
mbedtls_hmac_demo
mbedtls_key_app
mbedtls_key_app_writer
mbedtls_key_ladder_demo
mbedtls_key_ladder_demo.sh
mbedtls_load_roots
mbedtls_md_hmac_demo
mbedtls_metatest
mbedtls_mini_client
mbedtls_mpi_demo
mbedtls_pem2der
mbedtls_pk_decrypt
mbedtls_pk_encrypt
mbedtls_pk_sign
mbedtls_pk_verify
mbedtls_psa_constant_names
mbedtls_psa_hash
mbedtls_query_compile_time_config
mbedtls_query_included_headers
mbedtls_req_app
mbedtls_rsa_decrypt
mbedtls_rsa_encrypt
mbedtls_rsa_genkey
mbedtls_rsa_sign
mbedtls_rsa_sign_pss
mbedtls_rsa_verify
mbedtls_rsa_verify_pss
mbedtls_selftest
mbedtls_ssl_client1
mbedtls_ssl_client2
mbedtls_ssl_context_info
mbedtls_ssl_fork_server
mbedtls_ssl_mail_client
mbedtls_ssl_pthread_server
mbedtls_ssl_server
mbedtls_ssl_server2
mbedtls_strerror
mbedtls_udp_proxy
mbedtls_zeroize
mcaptest
mcookie
md2html
md5sum
mdadm
mdb_copy
mdb_dump
mdb_load
mdb_stat
mdmon
media-ctl
memhog
memusage
memusagestat
mergecap
mesg
meshdebug
metaflac
mev
microsoft-edge-stable
midicat
migratepages
migspeed
mii-tool
miracled
miracle-dhcp
miracle-gst
miracle-omxplayer
miracle-sinkctl
miracle-uibcctl
miracle-wifictl
miracle-wifid
mjpeg_simd_helper
mkbootimg
mk_cmds
mkdir
mkdtboimg
mke2fs
mke2fs.android
mkfifo
mkfontdir
mkfontscale
mkfs
mkfs.bfs
mkfs.btrfs
mkfs.cramfs
mkfs.ext2
mkfs.ext3
mkfs.ext4
mkfs.minix
mkfs.ntfs
mkhomedir_helper
mkinitcpio
mklost+found
mknod
mkntfs
mkpasswd
mkrfc2734
mkswap
mktemp
mlocate
mmc-tool
mmdbresolve
mmroff
moc
moc-qt5
modeprint
modetest
modinfo
modprobe
modularize
modutil
mogrify
montage
more
mount
mount.cifs
mount.ddi
mount.fuse
mount.fuse3
mount.lowntfs-3g
mount.ntfs
mount.ntfs-3g
mountpoint
mount.smb3
mouse-dpi-tool
mousepad
mouse-test
mp2enc
mp3rtp
mpeg2dec
mpeg2enc
mpegtranscode
mpg123
mpg123-id3dump
mpg123-strip
mpic++
mpicalc
mpicc
mpiCC
mpicxx
mpiexec
mpif77
mpif90
mpifort
mpirun
mplex
mpris-proxy
mpv
msgattrib
msgcat
msgcmp
msgcomm
msgconv
msgen
msgexec
msgfilter
msgfmt
msggrep
msginit
msgmerge
msgunfmt
msguniq
msidb
msiexec
ms_print
mtdev-test
mtp-albumart
mtp-albums
mtp-connect
mtp-delfile
mtp-detect
mtp-emptyfolders
mtp-files
mtp-filetree
mtp-folders
mtp-format
mtp-getfile
mtp-getplaylist
mtp-hotplug
mtp-newfolder
mtp-newplaylist
mtp-playlists
mtp-reset
mtp-sendfile
mtp-sendtr
mtp-thumb
mtp-tracks
mtp-trexist
mtrace
mujs
mujs-pp
multiblend.flt
munch
muxer
mv
mwaw2csv
mwaw2html
mwaw2raw
mwaw2svg
mwaw2text
mwawFile
mwawZip
mysofa2json
namei
nameif
nasm
ncat
ncursesw6-config
ndisasm
ndptool
neofetch
neon-config
neqn
net
netcap
netstat
nettle-hash
nettle-lfib-stream
nettle-pbkdf2
networkctl
NetworkManager
newgidmap
newgrp
newuidmap
newusers
nfbpf_compile
nfc
nf-ct-add
nf-ct-events
nf-ct-list
nf-exp-add
nf-exp-delete
nf-exp-list
nf-log
nf-monitor
nfnl_osf
nf-queue
nfs-cat
nfs-cp
nfs-ls
nfs-stat
ngettext
nice
nitch
nl
nl-addr-add
nl-addr-delete
nl-addr-list
nl-class-add
nl-class-delete
nl-classid-lookup
nl-class-list
nl-cls-add
nl-cls-delete
nl-cls-list
nl-fib-lookup
nl-link-enslave
nl-link-ifindex2name
nl-link-list
nl-link-name2ifindex
nl-link-release
nl-link-set
nl-link-stats
nl-list-caches
nl-list-sockets
nl-monitor
nl-neigh-add
nl-neigh-delete
nl-neigh-list
nl-neightbl-list
nl-nh-list
nl-pktloc-lookup
nl-qdisc-add
nl-qdisc-delete
nl-qdisc-list
nl-route-add
nl-route-delete
nl-route-get
nl-route-list
nl-rule-list
nl-tctree-list
nl-util-addr
nm
nmap
nm-applet
nmblookup
nmcli
nm-connection-editor
nm-online
nmtui
nmtui-connect
nmtui-edit
nmtui-hostname
node
node-gyp
nohup
nokfw
nologin
nopt
normalizer
notepad
notify-send
nping
npm
nproc
npx
nroff
nsenter
nspr-config
nss-config
nstat
ntfs-3g
ntfs-3g.probe
ntfscat
ntfsclone
ntfscluster
ntfscmp
ntfscp
ntfsdecrypt
ntfsfix
ntfsinfo
ntfslabel
ntfsls
ntfsrecover
ntfsresize
ntfssecaudit
ntfstruncate
ntfsundelete
ntfsusermap
ntfswipe
numactl
numademo
numastat
numbers2csv
numbers2raw
numbers2text
numfmt
nvim
nvlc
nvptx-arch
nvtop
nwg-look
objcopy
objdump
obs
obs-ffmpeg-mux
obsidian
ocsptool
od
ompi_info
omxregister-bellagio
onig-config
oobtest
oomctl
opal_wrapper
openal-info
openmpt123
openssl
openvpn
openvt
opj_compress
opj_decompress
opj_dump
optscript
orbd
orc-bugreport
orcc
orcus-css-dump
orcus-csv
orcus-detect
orcus-gnumeric
orcus-json
orcus-mso-encryption
orcus-ods
orcus-styles-ods
orcus-xlsx
orcus-xls-xml
orcus-xml
orcus-yaml
orcus-zip-dump
oscdump
oscsend
oscsendfile
oshc++
oshcc
oshCC
oshcxx
oshfort
oshmem_info
oshrun
otfdump
otflist
otftobdf
otfview
out123
outpsfheader
p11-kit
p11tool
pacat
paccapability
paccheck
pacconf
pacfile
pacinfo
pacini
pacinstall
pack200
packetforge-ng
packettracer
paclock
paclog
pacman
pacman-conf
pacman-db-upgrade
pacman-key
pacremove
pacrepairdb
pacrepairfile
pacreport
pacsift
pacsync
pactl
pactrans
padsp
pages2html
pages2raw
pages2text
pahole
palloc
pamixer
pam_namespace_helper
pamon
pam_timestamp_check
panelctl
pango-list
pango-segmentation
pango-view
paper
paperconf
paplay
parec
parecord
parted
partprobe
partx
pass
passmenu
passwd
paste
patch
pathchk
pattrs
pavucontrol
pbmtojbg
pbmtojbg85
pcap-config
pcc
pcilmr
pcprofiledump
pcre2-config
pcre2grep
pcre2test
pcre-config
pcregrep
pcretest
pcscd
pcsc-spy
pctrl
pdata_tools
pdf2dsc
pdf2ps
pdfattach
pdfdetach
pdffonts
pdfimages
pdfinfo
pdfmom
pdfroff
pdfseparate
pdfsig
pdftexi2dvi
pdftocairo
pdftohtml
pdftoppm
pdftops
pdftotext
pdfunite
pdwtags
peekfd
peglgears
perl
pevent
pf2afm
pfbtopfa
pfbtops
pfunct
pg
pglobal
pgmtoy4m
pgrep
photorec
pic
pic2graph
picom
picom-trans
pidof
pidwait
pinentry
pinentry-curses
pinentry-emacs
pinentry-gnome3
pinentry-gtk
pinentry-qt
pinentry-qt5
pinentry-tty
ping
pinky
pip
pip3
pipes.sh
pipesz
pipewire
pipewire-aes67
pipewire-avb
pipewire-pulse
pivot_root
pixeltool
pixeltool6
pixeltool-qt5
pk12util
pkaction
pkcheck
pkcs1-conv
pk-example-frobnicate
pkexec
pkgconf
pkg-config
pkgdata
pkill
pkttyagent
playerctl
playerctld
pldd
plipconfig
plocate
plocate-build
plookup
plugctl
pluginviewer
plugreport
plymouth
plymouthd
plymouth-set-default-theme
pmap
pmd2raw
pmd2svg
pmd2text
pmixcc
pmix_info
png2pnm
png2yuv
pngfix
pngfix-32
png-fix-itxt
png-fix-itxt-32
pngtogd
pngtogd2
pnm2png
pnmtoy4m
pod2texi
polybar
polybar-msg
portablectl
post-grohtml
poweroff
powertop
pphs
ppmtoy4m
pprof
pprof-symbolize
pps
pp-trace
pquery
pr
preconv
prefcnt
pre-grohtml
printafm
printenv
printf
prlimit
proptest
protoc
protoc-27.2.0
protoc-gen-upb
protoc-gen-upb-27.2.0
protoc-gen-upbdefs
protoc-gen-upbdefs-27.2.0
protoc-gen-upb_minitable
protoc-gen-upb_minitable-27.2.0
protonvpn-app
proxy
proxychains
proxychains4
proxychains4-daemon
proxy_thr
prrte-pterm
prrte-ssh
prte
prted
prte_info
prterun
prtstat
prun
ps
ps2ascii
ps2epsi
ps2pdf
ps2pdf12
ps2pdf13
ps2pdf14
ps2pdfwr
ps2ps
ps2ps2
pscap
psfaddtable
psfgettable
psfstriptable
psfxtable
psicc
psktool
psl
psl-make-dafsa
pslog
pstree
pstree.x11
ptx
pub2raw
pub2xhtml
pvchange
pvck
pvcreate
pvdisplay
pvmove
pvremove
pvresize
pvs
pvscan
pw-cat
pwck
pw-cli
pw-config
pw-container
pwconv
pwd
pw-dot
pw-dsdplay
pw-dump
pwdx
pw-encplay
pw-jack
pw-link
pw-loopback
pwmconfig
pw-metadata
pw-mididump
pw-midiplay
pw-midirecord
pw-mon
pw-play
pw-profiler
pw-record
pw-reserve
pw-top
pwunconv
pydoc
pydoc3
pydoc3.12
pygmentize
pyright
pyright-langserver
python
python3
python3.12
python3.12-config
python3-config
python-config
pywalfox
pzstd
qbittorrent
qcollectiongenerator
qcollectiongenerator-qt5
qdbus
qdbus6
qdbuscpp2xml
qdbuscpp2xml-qt5
qdbus-qt5
qdbusviewer
qdbusviewer6
qdbusviewer-qt5
qdbusxml2cpp
qdbusxml2cpp-qt5
qdistancefieldgenerator
qdistancefieldgenerator6
qdistancefieldgenerator-qt5
qdoc
qdoc6
qdoc-qt5
qgltf
qhelpgenerator
qhelpgenerator-qt5
qlalr
qlalr-qt5
qmake
qmake6
qmake-qt5
qml
qml6
qmlcachegen
qmlcachegen-qt5
qmleasing
qmleasing6
qmleasing-qt5
qmlformat
qmlformat-qt5
qmlimportscanner
qmlimportscanner-qt5
qmllint
qmllint-qt5
qmlls6
qmlmin
qmlmin-qt5
qmlplugindump
qmlplugindump-qt5
qmlpreview
qmlpreview6
qmlpreview-qt5
qmlprofiler
qmlprofiler-qt5
qml-qt5
qmlscene
qmlscene6
qmlscene-qt5
qmltestrunner
qmltestrunner-qt5
qmltime
qmltime-qt5
qmltyperegistrar
qmltyperegistrar-qt5
qqem6
qrencode
qscxmlc
qt5ct
qtattributionsscanner
qtattributionsscanner-qt5
qtdiag
qtdiag6
qtdiag-qt5
qt-faststart
qtpaths
qtpaths-qt5
qtplugininfo
qtplugininfo6
qtplugininfo-qt5
qtractor
qtwaylandscanner
qv4l2
qvidcap
qvkgen
qvkgen-qt5
qvlc
qwebengine_convert_dict
qxp2raw
qxp2svg
qxp2text
r2
r2agent
r2pm
r2r
rabin2
racc
radare2
radiff2
rafind2
ragg2
rahash2
rake
randpkt
ranlib
rapper
rarp
rarun2
rasign2
rasm2
rasqal-config
rav1e
ravc2
rawshark
rax2
rbash
rcc
rcc-qt5
rctest
rcvboxdrv
rd-curves
rdfproc
rdiff
rdjpgcom
rdma
rdoc
rds-ctl
readelf
readelf.py
readlink
readprofile
readtags
realpath
reboot
recode-sr-latin
redland-config
redland-db-upgrade
refer
reflector
regedit
regsvr32
remote_lat
remote_thr
remuxer
rename
renice
reordercap
repack_bootimg
repc
repo-add
repo-elephant
repo-remove
request-key
reset
resize
resize2fs
resizecons
resizepart
resolvconf
resolvectl
restore
rev
rfkill
rg
rhash
rhythmbox
rhythmbox-client
ri
rizin
rm
rmdir
rmic
rmid
rmiregistry
rmlint
rmmod
rofi
rofi-sensible-terminal
rofi-theme-selector
roqet
route
routel
rpcclient
rrsync
rsvg-convert
rsync
rsync-ssl
rtacct
rtcwake
rtkitctl
rtlfw
rtmon
rtmpdump
rtmpgw
rtmpsrv
rtmpsuck
rtstat
rubberband
rubberband-r3
ruby
run0
run-clang-tidy
runcon
run-on-ac
run-on-bat
runuser
rustc
rustdoc
rustfmt
rust-gdb
rust-lldb
rustup
rview
rvim
rvlc
rz-asm
rz-ax
rz-bin
rz-diff
rz-find
rz-gg
rz-hash
rz-run
rz-sign
rz-test
sasldblistusers2
saslpasswd2
sbcdec
sbcenc
sbcinfo
scalar
scan-build
scan-build-py
scan-view
schemagen
sclient
scmp_sys_resolver
scncopy
scotest
scp
screendump
script
scriptlive
scriptreplay
sd2raw
sd2svg
sd2text
sdc2csv
sddm
sddm-greeter
sddm-greeter-qt6
sdiff
sdl2-config
sdl-config
sdpscanner
sdw2html
secret-tool
sed
semver
sendiso
sensord
sensors
sensors-conf-convert
sensors-detect
sepdebugcrcfix
seq
seq2bseq
serdi
serialver
servertool
sessreg
setarch
setcap
setcifsacl
setfacl
setfattr
setfont
setkeycodes
setleds
setlogcons
setmetamode
setpalette
setpci
setpgid
setpriv
setsid
setterm
setvesablank
setvtrgb
setxkbmap
sexp-conv
sfdisk
sftp
sfv-hash
sg
sgdisk
sh
sha1sum
sha224sum
sha256sum
sha384sum
sha512sum
sharkd
sherlock265
shlibsign
shmemc++
shmemcc
shmemCC
shmemcxx
shmemfort
shout
showconsolefont
showdb
showjournal
showkey
showstat4
showwal
shred
shtab
shuf
shutdown
signtool
signver
sim_client
simg2img
sim_server
site_perl
sixel2png
size
skdump
sktest
slabtop
slack
slattach
sleep
sln
sload_f2fs
slop
slsh
slurp
smartctl
smartd
smb2-quota
smbcacls
smbclient
smbcquotas
smbget
smbinfo
smbspool
smbtar
smbtree
smproxy
sndfile-cmp
sndfile-concat
sndfile-convert
sndfile-deinterleave
sndfile-info
sndfile-interleave
sndfile-metadata-get
sndfile-metadata-set
sndfile-play
sndfile-salvage
sndioctl
sndiod
soelim
soffice
sordi
sord_validate
sort
sotruss
soundstretch
source-highlight
source-highlight-esc.sh
source-highlight-settings
spa-acp-tool
spa-inspect
spa-json-dump
spa-monitor
spa-resample
spawn_console
spawn_login
speedtest
speedtest-cli
speexdec
speexenc
spellout
spirv-as
spirv-cfg
spirv-dis
spirv-lesspipe.sh
spirv-link
spirv-lint
spirv-objdump
spirv-opt
spirv-reduce
spirv-remap
spirv-val
split
spotify
sprof
sqldiff
sqlite3
src-hilite-lesspipe.sh
srt-ffplay
srt-file-transmit
srt-live-transmit
srt-tunnel
ss
sserver
ssh
ssh-add
ssh-agent
ssh-copy-id
sshd
ssh-keygen
ssh-keyscan
ssltap
stat
stdbuf
stest
sticky-notes
strace
strace-log-merge
strace.py
stream
strings
strip
stty
stunbdc
stund
su
substrings.pl
sudo
sudoedit
sudo_logsrvd
sudoreplay
sudo_sendlog
sulogin
sum
svlc
SvtAv1DecApp
SvtAv1EncApp
SvtHevcEncApp
swaplabel
swapoff
swapon
swayidle
switch_root
sxpm
symkeyutil
sync
syncqt.pl
syncqt.pl-qt5
syscse
sysctl
systemctl
systemd-ac-power
systemd-analyze
systemd-ask-password
systemd-cat
systemd-cgls
systemd-cgtop
systemd-confext
systemd-creds
systemd-cryptenroll
systemd-cryptsetup
systemd-delta
systemd-detect-virt
systemd-dissect
systemd-escape
systemd-firstboot
systemd-home-fallback-shell
systemd-hwdb
systemd-id128
systemd-inhibit
systemd-machine-id-setup
systemd-mount
systemd-notify
systemd-nspawn
systemd-path
systemd-repart
systemd-resolve
systemd-run
systemd-socket-activate
systemd-stdio-bridge
systemd-sysext
systemd-sysusers
systemd-tmpfiles
systemd-tty-ask-password-agent
systemd-umount
systemd-vmspawn
systemd-vpick
tabs
tac
taglib-config
tail
tar
taskset
tbl
tc
tcat
tclsh
tclsh8.6
tcp-cutter
tcpdump
tdbbackup
tdbdump
tdbrestore
tdbtool
teamd
teamdctl
teamnl
tee
telegram-desktop
test
testdisk
testlibraw
testpkg
test-runner
texi2any
texi2dvi
texi2pdf
texindex
text2pcap
tfmtodit
thin_check
thin_delta
thin_dump
thin_ls
thin_metadata_pack
thin_metadata_size
thin_metadata_unpack
thin_repair
thin_restore
thin_rmap
thin_trim
thunar
Thunar
thunar-settings
thunar-volman
thunar-volman-settings
thunderbird
tic
tiffcp
tiffdump
tiffinfo
tiffset
tiffsplit
tificc
tiger-hash
timedatectl
timelineeditor
timeout
tipc
tjbench
tkiptun-ng
tldr
tload
tlp
tlp-stat
tmux
tnameserv
toast
toe
top
touch
touchpad-edge-detector
tput
tr
tracegen
tracegen-qt5
tracepath
tracker3
tracker3-endpoint
tracker3-export
tracker3-help
tracker3-import
tracker3-sparql
tracker3-sql
transicc
transist.flt
tree
trietool
trietool-0.2
troff
true
truncate
trust
ts_calibrate
ts_conf
tset
ts_finddev
tshark
ts_harvest
tsort
ts_print
ts_print_mt
ts_print_raw
ts_test
ts_test_mt
ts_uinput
ts_verify
tth-hash
tty
ttyper
tune2fs
tunelp
tv_combo
tv_ctrlpt
tv_device
twolame
tzselect
uchardet
uclampset
uconv
ucs2any
ucx_info
ucx_perftest
ucx_perftest_daemon
ucx_read_profile
udevadm
udisksctl
uibc-viewer
uic
uic-qt5
ul
ulockmgr_server
ultrabayd
umount
umount.udisks2
uname
uname26
uncompress
unexpand
unicode_start
unicode_stop
uniq
unix_chkpwd
unlink
unlz4
unlzf
unlzma
unmunch
unopkg
unpack200
unpack_bootimg
unrar
unshare
unterm
untoast
unxz
unzip
unzipsfx
unzstd
update-ca-trust
updatedb
update-desktop-database
update-mime-database
update-pciids
update-smart-drivedb
uptime
usb-devices
usbhid-dump
usbreset
useradd
userdbctl
userdel
usermod
users
utmpdump
uuclient
uuidd
uuidgen
uuidparse
uuserver
uxterm
v4l2-compliance
v4l2-ctl
v4l2-dbg
v4l2-sysfs-path
v4l2-tracer
valgrind
valgrind-di-server
valgrind-listener
validate-pyproject
varlinkctl
vbltest
VBox
vboxautostart
VBoxAutostart
vboxballoonctrl
VBoxBalloonCtrl
vboxbugreport
VBoxBugReport
vboxheadless
VBoxHeadless
vbox-img
vboximg-mount
vboxmanage
VBoxManage
vboxreload
vboxsdl
VBoxSDL
vboxwebsrv
vdir
vdpa
vendor_perl
vercmp
veritysetup
versuck-ng
vfat-resize
vgcfgbackup
vgcfgrestore
vgchange
vgck
vgconvert
vgcreate
vgdb
vgdisplay
vgexport
vgextend
vgimport
vgimportclone
vgimportdevices
vgmerge
vgmknodes
vgreduce
vgremove
vgrename
vgs
vgscan
vgsplit
viewnior
vigr
vim
vimdiff
vimtutor
vipw
virtualbox
VirtualBox
virtualboxvm
VirtualBoxVM
visualinfo
visudo
vkgears
vlc
vlc-wrapper
vlock
vmaf
vmstat
volume_key
vpxdec
vpxenc
vsd2raw
vsd2text
vsd2xhtml
vspipe
vss2raw
vss2text
vss2xhtml
vterm-ctrl
vterm-dump
w
waitpid
wal
wall
watch
watchgnupg
wavpack
wayland-scanner
wc
wdctl
webpinfo
webpmux
webpng
wesside-ng
wget
whatis
whatsdesk
wheel
whereis
which
whiptail
whirlpool-hash
who
whoami
whois
widl
wifi
wildmidi
wine
wine64
wine64-preloader
wineboot
winebuild
winecfg
wineconsole
winecpp
winedbg
winedump
winefile
wineg++
winegcc
winemaker
winemine
winepath
wine-preloader
wineserver
wipefs
wiper.sh
wireplumber
wireshark
wish
wish8.6
wks2csv
wks2raw
wks2text
wmc
woff2_compress
woff2_decompress
woff2_info
wordforms
wordlist2hunspell
wpaclean
wpa_cli
wpa_passphrase
wpa_supplicant
wpctl
wpd2html
wpd2raw
wpd2text
wpexec
wpg2raw
wpg2svg
wpg2svgbatch.pl
wps2html
wps2raw
wps2text
wrc
write
wrjpgcom
wsgen
wsimport
wvgain
wvtag
wvunpack
wwan
X
x11perf
x11perfcomp
x264
x265
x86_64
x86_64-linux-gnu-c++
x86_64-linux-gnu-g++
x86_64-linux-gnu-gcc
x86_64-linux-gnu-gcc-ar
x86_64-linux-gnu-gcc-nm
x86_64-linux-gnu-gcc-ranlib
x86_64-pc-linux-gnu-c++
x86_64-pc-linux-gnu-g++
x86_64-pc-linux-gnu-gcc
x86_64-pc-linux-gnu-gcc-14.1.1
x86_64-pc-linux-gnu-gcc-ar
x86_64-pc-linux-gnu-gcc-nm
x86_64-pc-linux-gnu-gcc-ranlib
x86_64-pc-linux-gnu-pkg-config
xarchiver
xargs
xauth
xautolock
xbacklight
xb-tool
xclip
xclip-copyfile
xclip-cutfile
xclip-pastefile
xcmsdb
xcur2png
xcursorgen
xdg-dbus-proxy
xdg-desktop-icon
xdg-desktop-menu
xdg-email
xdg-icon-resource
xdg-mime
xdg-open
xdg-screensaver
xdg-settings
xdg-user-dir
xdg-user-dirs-update
xdpr
xdpyinfo
xdriinfo
xeglgears
xeglthreads
Xephyr
xev
xfce4-about
xfce4-kiosk-query
xfconf-query
xgamma
xgettext
xhost
xinput
xjc
xkbbell
xkbcli
xkbcomp
xkbevd
xkbvleds
xkbwatch
xkill
xlsatoms
xlsclients
xml2-config
xmlcatalog
xmllint
xmlpatterns
xmlpatternsvalidator
xmlsec1
xmlsec1-config
xmlwf
xmodmap
Xnest
Xorg
xournalpp
xournalpp-thumbnailer
xpr
xprop
xpstojpeg
xpstopdf
xpstopng
xpstops
xpstosvg
xrandr
xrdb
xrefresh
xset
xsetroot
xslt-config
xsltproc
xtables-legacy-multi
xtables-monitor
xtables-nft-multi
xterm
xtotroff
xtrace
Xvfb
xvfb-run
xvinfo
Xwayland
xwd
xwininfo
xwud
xxd
xxh128sum
xxh32sum
xxh64sum
xxhsum
xz
xzcat
xzcmp
xzdec
xzdiff
xzegrep
xzfgrep
xzgrep
xzless
xzmore
y4mblack
y4mcolorbars
y4mdenoise
y4mhist
y4minterlace
y4mivtc
y4mscaler
y4mshift
y4mspatialfilter
y4mstabilizer
y4mtopnm
y4mtoppm
y4mtoyuv
y4munsharp
yacc
yat2m
yay
yes
ypipe
yt-dlp
yuv2lav
yuv4mpeg
yuvconvert
yuvcorrect
yuvcorrect_tune
yuvdeinterlace
yuvdenoise
yuv-distortion
yuvfps
yuvinactive
yuvkineco
yuvmedianfilter
yuvscaler
yuvycsnoise
yuyvtoy4m
zbarcam
zbarcam-gtk
zbarcam-qt
zbarimg
zcat
zcmp
zdiff
zdump
zegrep
zfgrep
zforce
zgrep
zic
zipcmp
zipgrep
zipinfo
zipmerge
ziptool
zless
zmf2raw
zmf2svg
zmore
znew
zoom
zramctl
zsh
zsh-5.9
zsoelim
zstd
zstdcat
zstdgrep
zstdless
zstdmt
zvbi-atsc-cc
zvbi-chains
zvbid
zvbi-ntsc-cc
